<?xml version="1.0" encoding="UTF-8"?>
<!-- Generated by org.testng.reporters.JUnitReportReporter -->
<testsuite hostname="DESKTOP-PV6IVVB" failures="0" tests="1" name="company.infosys" time="0.000" errors="0" timestamp="2023-03-09T10:16:00 PST" skipped="1">
  <testcase classname="company.infosys" name="launchinfosys" time="0.000">
    <skipped/>
  </testcase> <!-- launchinfosys -->
  <system-out/>
</testsuite> <!-- company.infosys -->
