<?xml version="1.0" encoding="UTF-8"?>
<!-- Generated by org.testng.reporters.JUnitReportReporter -->
<testsuite hostname="DESKTOP-PV6IVVB" failures="0" tests="3" name="Travel.Bank" time="0.025" errors="0" timestamp="2023-02-21T15:29:47 PST" skipped="0">
  <testcase classname="Travel.Bank" name="DeleteAccount" time="0.002"/>
  <system-out/>
  <testcase classname="Travel.Bank" name="EditAccount" time="0.004"/>
  <system-out/>
  <testcase classname="Travel.Bank" name="CreateAccount" time="0.019"/>
  <system-out/>
</testsuite> <!-- Travel.Bank -->
