<?xml version="1.0" encoding="UTF-8"?>
<!-- Generated by org.testng.reporters.JUnitReportReporter -->
<testsuite hostname="DESKTOP-PV6IVVB" failures="0" tests="1" name="Food.PizzaHut" time="55.048" errors="0" timestamp="2023-02-21T12:51:09 PST" skipped="0">
  <testcase classname="Food.PizzaHut" name="launchPizzaHut" time="55.048"/>
  <system-out>
PizzaHut Logged in Successfully  </system-out>
</testsuite> <!-- Food.PizzaHut -->
