<?xml version="1.0" encoding="UTF-8"?>
<!-- Generated by org.testng.reporters.JUnitReportReporter -->
<testsuite hostname="DESKTOP-PV6IVVB" failures="0" tests="1" name="Basic.ToExtractDataFromExcel" time="0.000" errors="0" timestamp="2023-02-22T11:13:45 PST" skipped="1">
  <testcase classname="Basic.ToExtractDataFromExcel" name="reg" time="0.000">
    <skipped/>
  </testcase> <!-- reg -->
  <system-out/>
</testsuite> <!-- Basic.ToExtractDataFromExcel -->
