<?xml version="1.0" encoding="UTF-8"?>
<!-- Generated by org.testng.reporters.JUnitReportReporter -->
<testsuite hostname="DESKTOP-PV6IVVB" failures="0" tests="1" name="Food.Swiggy" time="183.307" errors="0" timestamp="2023-02-21T12:51:09 PST" skipped="0">
  <testcase classname="Food.Swiggy" name="launchSwiggy" time="183.307"/>
  <system-out>
Swiggy Logged in Successfully  </system-out>
</testsuite> <!-- Food.Swiggy -->
