<?xml version="1.0" encoding="UTF-8"?>
<!-- Generated by org.testng.reporters.JUnitReportReporter -->
<testsuite hostname="DESKTOP-PV6IVVB" failures="0" tests="2" name="Travel.Via" time="32.592" errors="0" timestamp="2023-02-21T13:10:12 PST" skipped="0">
  <testcase classname="Travel.Via" name="launchVia" time="7.758"/>
  <system-out>
Via Logged in Successfully  </system-out>
  <testcase classname="Travel.Via" name="launchCombodia" time="24.834"/>
  <system-out>
Combodia Logged in Successfully  </system-out>
</testsuite> <!-- Travel.Via -->
