<?xml version="1.0" encoding="UTF-8"?>
<!-- Generated by org.testng.reporters.JUnitReportReporter -->
<testsuite hostname="DESKTOP-PV6IVVB" failures="0" tests="1" name="Travel.Horwire" time="253.504" errors="0" timestamp="2023-02-21T12:51:09 PST" skipped="0">
  <testcase classname="Travel.Horwire" name="launchHorwire" time="253.504"/>
  <system-out>
hotwire Logged in Successfully  </system-out>
</testsuite> <!-- Travel.Horwire -->
