<?xml version="1.0" encoding="UTF-8"?>
<!-- Generated by org.testng.reporters.JUnitReportReporter -->
<testsuite hostname="DESKTOP-PV6IVVB" failures="0" tests="5" name="UnitTestingTool.TC_DemoWebshop_Login_001" time="0.034" errors="0" timestamp="2023-02-20T15:33:05 PST" skipped="0">
  <testcase classname="UnitTestingTool.TC_DemoWebshop_Login_001" name="createUser" time="0.013"/>
  <system-out/>
  <testcase classname="UnitTestingTool.TC_DemoWebshop_Login_001" name="registerandLogin" time="0.003"/>
  <system-out/>
  <testcase classname="UnitTestingTool.TC_DemoWebshop_Login_001" name="ValidLogin" time="0.008"/>
  <system-out/>
  <testcase classname="UnitTestingTool.TC_DemoWebshop_Login_001" name="invalidLogin" time="0.002"/>
  <system-out/>
  <testcase classname="UnitTestingTool.TC_DemoWebshop_Login_001" name="deleteUser" time="0.008"/>
  <system-out/>
</testsuite> <!-- UnitTestingTool.TC_DemoWebshop_Login_001 -->
