<?xml version="1.0" encoding="UTF-8"?>
<!-- Generated by org.testng.reporters.JUnitReportReporter -->
<testsuite hostname="DESKTOP-PV6IVVB" failures="0" tests="1" name="Travel.TripAdvisor" time="13.068" errors="0" timestamp="2023-02-21T15:24:52 PST" skipped="0">
  <testcase classname="Travel.TripAdvisor" name="launchTripAdvisor" time="13.068"/>
  <system-out>
tripadvisor Logged in Successfully  </system-out>
</testsuite> <!-- Travel.TripAdvisor -->
